d:\fiot\курсові роботи\оп ііі семестр\ip54_chyzh\debug\ip54_chyzh.bsc
d:\fiot\курсові роботи\оп ііі семестр\ip54_chyzh\ip54_chyzh\debug\ip54_chyzh.pch.codeanalysis
d:\fiot\курсові роботи\оп ііі семестр\ip54_chyzh\ip54_chyzh\debug\vc120.pdb
d:\fiot\курсові роботи\оп ііі семестр\ip54_chyzh\ip54_chyzh\debug\vc120.idb
d:\fiot\курсові роботи\оп ііі семестр\ip54_chyzh\ip54_chyzh\debug\stdafx.sbr
d:\fiot\курсові роботи\оп ііі семестр\ip54_chyzh\ip54_chyzh\debug\ip54_chyzh.pch.codeanalysisast
d:\fiot\курсові роботи\оп ііі семестр\ip54_chyzh\ip54_chyzh\debug\stdafx.nativecodeanalysis.xml
d:\fiot\курсові роботи\оп ііі семестр\ip54_chyzh\ip54_chyzh\debug\stdafx.obj
d:\fiot\курсові роботи\оп ііі семестр\ip54_chyzh\ip54_chyzh\debug\viewer.sbr
d:\fiot\курсові роботи\оп ііі семестр\ip54_chyzh\ip54_chyzh\debug\share.sbr
d:\fiot\курсові роботи\оп ііі семестр\ip54_chyzh\ip54_chyzh\debug\readproject.sbr
d:\fiot\курсові роботи\оп ііі семестр\ip54_chyzh\ip54_chyzh\debug\ip54_chyzh.sbr
d:\fiot\курсові роботи\оп ііі семестр\ip54_chyzh\ip54_chyzh\debug\analisis.sbr
d:\fiot\курсові роботи\оп ііі семестр\ip54_chyzh\ip54_chyzh\debug\analisis.nativecodeanalysis.xml
d:\fiot\курсові роботи\оп ііі семестр\ip54_chyzh\ip54_chyzh\debug\ip54_chyzh.nativecodeanalysis.xml
d:\fiot\курсові роботи\оп ііі семестр\ip54_chyzh\ip54_chyzh\debug\readproject.nativecodeanalysis.xml
d:\fiot\курсові роботи\оп ііі семестр\ip54_chyzh\ip54_chyzh\debug\share.nativecodeanalysis.xml
d:\fiot\курсові роботи\оп ііі семестр\ip54_chyzh\ip54_chyzh\debug\viewer.nativecodeanalysis.xml
d:\fiot\курсові роботи\оп ііі семестр\ip54_chyzh\ip54_chyzh\debug\viewer.obj
d:\fiot\курсові роботи\оп ііі семестр\ip54_chyzh\ip54_chyzh\debug\share.obj
d:\fiot\курсові роботи\оп ііі семестр\ip54_chyzh\ip54_chyzh\debug\readproject.obj
d:\fiot\курсові роботи\оп ііі семестр\ip54_chyzh\ip54_chyzh\debug\ip54_chyzh.obj
d:\fiot\курсові роботи\оп ііі семестр\ip54_chyzh\ip54_chyzh\debug\analisis.obj
d:\fiot\курсові роботи\оп ііі семестр\ip54_chyzh\debug\ip54_chyzh.ilk
d:\fiot\курсові роботи\оп ііі семестр\ip54_chyzh\debug\ip54_chyzh.exe
d:\fiot\курсові роботи\оп ііі семестр\ip54_chyzh\debug\ip54_chyzh.pdb
d:\fiot\курсові роботи\оп ііі семестр\ip54_chyzh\ip54_chyzh\debug\ip54_chyzh.res
d:\fiot\курсові роботи\оп ііі семестр\ip54_chyzh\ip54_chyzh\debug\nativecodeanalysis.read.1.tlog
d:\fiot\курсові роботи\оп ііі семестр\ip54_chyzh\ip54_chyzh\debug\vc.nativecodeanalysis.all.xml
d:\fiot\курсові роботи\оп ііі семестр\ip54_chyzh\debug\ip54_chyzh.exe.lastcodeanalysissucceeded
d:\fiot\курсові роботи\оп ііі семестр\ip54_chyzh\ip54_chyzh\debug\ip54_chyzh.tlog\bscmake.command.1.tlog
d:\fiot\курсові роботи\оп ііі семестр\ip54_chyzh\ip54_chyzh\debug\ip54_chyzh.tlog\bscmake.read.1.tlog
d:\fiot\курсові роботи\оп ііі семестр\ip54_chyzh\ip54_chyzh\debug\ip54_chyzh.tlog\bscmake.write.1.tlog
d:\fiot\курсові роботи\оп ііі семестр\ip54_chyzh\ip54_chyzh\debug\ip54_chyzh.tlog\cl.command.1.tlog
d:\fiot\курсові роботи\оп ііі семестр\ip54_chyzh\ip54_chyzh\debug\ip54_chyzh.tlog\cl.read.1.tlog
d:\fiot\курсові роботи\оп ііі семестр\ip54_chyzh\ip54_chyzh\debug\ip54_chyzh.tlog\cl.write.1.tlog
d:\fiot\курсові роботи\оп ііі семестр\ip54_chyzh\ip54_chyzh\debug\ip54_chyzh.tlog\link.command.1.tlog
d:\fiot\курсові роботи\оп ііі семестр\ip54_chyzh\ip54_chyzh\debug\ip54_chyzh.tlog\link.read.1.tlog
d:\fiot\курсові роботи\оп ііі семестр\ip54_chyzh\ip54_chyzh\debug\ip54_chyzh.tlog\link.write.1.tlog
d:\fiot\курсові роботи\оп ііі семестр\ip54_chyzh\ip54_chyzh\debug\ip54_chyzh.tlog\rc.command.1.tlog
d:\fiot\курсові роботи\оп ііі семестр\ip54_chyzh\ip54_chyzh\debug\ip54_chyzh.tlog\rc.read.1.tlog
d:\fiot\курсові роботи\оп ііі семестр\ip54_chyzh\ip54_chyzh\debug\ip54_chyzh.tlog\rc.write.1.tlog
